C51 COMPILER V9.59.0.0   DELAY                                                             01/08/2019 10:27:48 PAGE 1   


C51 COMPILER V9.59.0.0, COMPILATION OF MODULE DELAY
OBJECT MODULE PLACED IN .\Objects\delay.obj
COMPILER INVOKED BY: D:\Program Files (x86)\Keil_v5\C51\BIN\C51.EXE delay.c LARGE OMF2 OPTIMIZE(8,SIZE) BROWSE DEBUG PRI
                    -NT(.\Listings\delay.lst) OBJECT(.\Objects\delay.obj)

line level    source

   1          #include "delay.h"
   2          
   3          void delay_ms(uint16_t ms)
   4          {
   5   1              unsigned char i = 0;
   6   1              for (; ms; --ms)
   7   1                      for (i = 0; i < DELAY_FACTOR; ++i);
   8   1      }
   9          
  10          void delay_us(uint16_t us)
  11          {
  12   1              for (; us; --us);
  13   1      }


MODULE INFORMATION:   STATIC OVERLAYABLE
   CODE SIZE        =     39    ----
   CONSTANT SIZE    =   ----    ----
   XDATA SIZE       =   ----    ----
   PDATA SIZE       =   ----    ----
   DATA SIZE        =   ----    ----
   IDATA SIZE       =   ----    ----
   BIT SIZE         =   ----    ----
   EDATA SIZE       =   ----    ----
   HDATA SIZE       =   ----    ----
   XDATA CONST SIZE =   ----    ----
   FAR CONST SIZE   =   ----    ----
END OF MODULE INFORMATION.


C51 COMPILATION COMPLETE.  0 WARNING(S),  0 ERROR(S)
