C51 COMPILER V9.59.0.0   MAIN                                                              01/07/2019 22:17:13 PAGE 1   


C51 COMPILER V9.59.0.0, COMPILATION OF MODULE MAIN
OBJECT MODULE PLACED IN .\Objects\main.obj
COMPILER INVOKED BY: D:\Program Files (x86)\Keil_v5\C51\BIN\C51.EXE main.c LARGE OMF2 OPTIMIZE(8,SPEED) BROWSE DEBUG PRI
                    -NT(.\Listings\main.lst) OBJECT(.\Objects\main.obj)

line level    source

   1          #include <reg52.h>
   2          #include "delay.h"
   3          #include "gpio.h"
   4          #include "lcd1602.h"
   5          
   6          void main()
   7          {       
   8   1              Lcd1602 lcd;
   9   1              Lcd1602_Create(&lcd, P2_5, P2_4, P2_3, P2_2, P2_1, P2_0);
  10   1              Lcd1602_init(&lcd);
  11   1              Lcd1602_print(&lcd, "Hello, World");
  12   1              //Lcd1602_cursor(&lcd);
  13   1              for (;;)
  14   1              {
  15   2                      //Lcd1602_print(&lcd, "Hello, World");
  16   2              }
  17   1      }
  18          


MODULE INFORMATION:   STATIC OVERLAYABLE
   CODE SIZE        =     63    ----
   CONSTANT SIZE    =     13    ----
   XDATA SIZE       =   ----       9
   PDATA SIZE       =   ----    ----
   DATA SIZE        =   ----    ----
   IDATA SIZE       =   ----    ----
   BIT SIZE         =   ----    ----
   EDATA SIZE       =   ----    ----
   HDATA SIZE       =   ----    ----
   XDATA CONST SIZE =   ----    ----
   FAR CONST SIZE   =   ----    ----
END OF MODULE INFORMATION.


C51 COMPILATION COMPLETE.  0 WARNING(S),  0 ERROR(S)
